Fri Feb 20 01:54:49 PM EST 2026: Built binutils-2.45 pass 1
Fri Feb 20 02:14:05 PM EST 2026: Built gcc-15.2.0 pass 1
Fri Feb 20 02:21:35 PM EST 2026: Built linux-6.16.1 API headers
Fri Feb 20 02:24:55 PM EST 2026: Built linux-6.16.1 API headers
Fri Feb 20 02:30:15 PM EST 2026: Built glibc-2.42 pass 1
Fri Feb 20 02:43:37 PM EST 2026: Built libstdc++ from gcc-15.2.0
Fri Feb 20 02:43:37 PM EST 2026: Completed Chapter 5 - Cross Toolchain
Fri Feb 20 03:35:13 PM EST 2026: Built M4-1.4.20
Fri Feb 20 04:00:48 PM EST 2026: Built Ncurses-6.5-20250809
Fri Feb 20 04:06:12 PM EST 2026: Built Bash-5.3
Fri Feb 20 04:18:33 PM EST 2026: Built Coreutils-9.7 (required CFLAGS=-DMB_LEN_MAX=16 -DPATH_MAX=4096)
Fri Feb 20 04:43:49 PM EST 2026: Built Diffutils-3.12 (required CFLAGS=-DMB_LEN_MAX=16 -DPATH_MAX=4096)
Fri Feb 20 04:57:40 PM EST 2026: Built File-5.46
Fri Feb 20 05:04:33 PM EST 2026: Built Findutils-4.10.0 (required CFLAGS=-DMB_LEN_MAX=16 -DPATH_MAX=4096 -D_POSIX_ARG_MAX=4096)
Fri Feb 20 05:09:06 PM EST 2026: Built Gawk-5.3.2
Fri Feb 20 05:13:16 PM EST 2026: Built Grep-3.12
Fri Feb 20 05:17:00 PM EST 2026: Built Gzip-1.14
Fri Feb 20 05:20:04 PM EST 2026: Built Make-4.4.1
Fri Feb 20 05:23:35 PM EST 2026: Built Patch-2.8
Fri Feb 20 05:26:45 PM EST 2026: Built Sed-4.9
Fri Feb 20 05:29:09 PM EST 2026: Built Tar-1.35
Fri Feb 20 05:31:05 PM EST 2026: Built Xz-5.8.1
Fri Feb 20 05:35:29 PM EST 2026: Built Binutils-2.45 Pass 2
Fri Feb 20 05:44:41 PM EST 2026: Built GCC-15.2.0 Pass 2
